<?xml version="1.0" encoding="UTF-8"?>
<!-- Generated by org.testng.reporters.JUnitReportReporter -->
<testsuite hostname="rivigo-ThinkPad-L480" failures="0" tests="1" name="test.TestClass" time="0.010" errors="0" timestamp="2023-02-21T18:23:40 IST" skipped="0">
  <testcase classname="test.TestClass" name="m1" time="0.010"/>
  <system-out/>
</testsuite> <!-- test.TestClass -->
